#
# A fatal error has been detected by the Java Runtime Environment:
#
#  EXCEPTION_ACCESS_VIOLATION (0xc0000005) at pc=0x00007fff36abe560, pid=668, tid=10620
#
# JRE version: OpenJDK Runtime Environment Temurin-17.0.10+7 (17.0.10+7) (build 17.0.10+7)
# Java VM: OpenJDK 64-Bit Server VM Temurin-17.0.10+7 (17.0.10+7, mixed mode, tiered, compressed oops, compressed class ptrs, parallel gc, windows-amd64)
# Problematic frame:
# V  [jvm.dll+0x6ae560]
#
# No core dump will be written. Minidumps are not enabled by default on client versions of Windows
#
# If you would like to submit a bug report, please visit:
#   https://github.com/adoptium/adoptium-support/issues
#

---------------  S U M M A R Y ------------

Command Line: --add-modules=ALL-SYSTEM --add-opens=java.base/java.util=ALL-UNNAMED --add-opens=java.base/java.lang=ALL-UNNAMED --add-opens=java.base/sun.nio.fs=ALL-UNNAMED -Declipse.application=org.eclipse.jdt.ls.core.id1 -Dosgi.bundles.defaultStartLevel=4 -Declipse.product=org.eclipse.jdt.ls.core.product -Djava.import.generatesMetadataFilesAtProjectRoot=false -DDetectVMInstallationsJob.disabled=true -Dfile.encoding=utf8 -XX:+UseParallelGC -XX:GCTimeRatio=4 -XX:AdaptiveSizePolicyWeight=90 -Dsun.zip.disableMemoryMapping=true -Xmx1G -Xms100m -Xlog:disable -javaagent:c:\Users\joana\.vscode\extensions\redhat.java-1.28.1-win32-x64\lombok\lombok-1.18.31.jar -XX:+HeapDumpOnOutOfMemoryError -XX:HeapDumpPath=c:\Users\joana\AppData\Roaming\Code\User\workspaceStorage\54b682015e6d69741c4d362a7f14c221\redhat.java -Daether.dependencyCollector.impl=bf c:\Users\joana\.vscode\extensions\redhat.java-1.28.1-win32-x64\server\plugins\org.eclipse.equinox.launcher_1.6.700.v20231214-2017.jar -configuration c:\Users\joana\AppData\Roaming\Code\User\globalStorage\redhat.java\1.28.1\config_win -data c:\Users\joana\AppData\Roaming\Code\User\workspaceStorage\54b682015e6d69741c4d362a7f14c221\redhat.java\jdt_ws --stdio

Host: Intel(R) Core(TM) i7-10700F CPU @ 2.90GHz, 16 cores, 31G,  Windows 11 , 64 bit Build 22621 (10.0.22621.3085)
Time: Sat Mar  9 22:55:36 2024 Tocantins Standard Time elapsed time: 32.958515 seconds (0d 0h 0m 32s)

---------------  T H R E A D  ---------------

Current thread (0x000002435d3c6b90):  GCTaskThread "GC Thread#8" [stack: 0x00000081cf400000,0x00000081cf500000] [id=10620]

Stack: [0x00000081cf400000,0x00000081cf500000],  sp=0x00000081cf4ff3e0,  free space=1020k
Native frames: (J=compiled Java code, j=interpreted, Vv=VM code, C=native code)
V  [jvm.dll+0x6ae560]
V  [jvm.dll+0x6aedee]
V  [jvm.dll+0x6b06a4]
V  [jvm.dll+0x6b8de1]
V  [jvm.dll+0x6b9cfa]
V  [jvm.dll+0x86226b]
V  [jvm.dll+0x8622b6]
V  [jvm.dll+0x7e3fba]
V  [jvm.dll+0x67c1b5]
C  [ucrtbase.dll+0x29363]
C  [KERNEL32.DLL+0x1257d]
C  [ntdll.dll+0x5aa58]


siginfo: EXCEPTION_ACCESS_VIOLATION (0xc0000005), reading address 0xffffffffffffffff


Registers:
RAX=0x1fffffffea000000, RBX=0x0000000010000000, RCX=0x0000000000000000, RDX=0x00000000c6867bf4
RSP=0x00000081cf4ff3e0, RBP=0x00000081cf4ff4a0, RSI=0x00000000c6867c3c, RDI=0x000002434198c690
R8 =0x0000024353570000, R9 =0x007fffffffa80000, R10=0x00000000c6867c40, R11=0x00000000000000d0
R12=0x00000081ce8ff198, R13=0x0000000000000010, R14=0x00000001005ce810, R15=0x00000000c6867bd0
RIP=0x00007fff36abe560, EFLAGS=0x0000000000010206


Register to memory mapping:

RIP=0x00007fff36abe560 jvm.dll
RAX=0x1fffffffea000000 is an unknown value
RBX=0x0000000010000000 is an unknown value
RCX=0x0 is NULL
RDX=0x00000000c6867bf4 is pointing into object: org.apache.maven.model.Profile 
{0x00000000c6867bd0} - klass: 'org/apache/maven/model/Profile'
 - ---- fields (total size 14 words):
 - private 'modules' 'Ljava/util/List;' @12  NULL (0)
 - private 'distributionManagement' 'Lorg/apache/maven/model/DistributionManagement;' @16  NULL (0)
 - private 'properties' 'Ljava/util/Properties;' @20  a 'java/util/Properties'{0x00000000c6867c40} (c6867c40)
 - private 'dependencyManagement' 'Lorg/apache/maven/model/DependencyManagement;' @24  NULL (0)
 - private 'dependencies' 'Ljava/util/List;' @28  NULL (0)
 - private 'repositories' 'Ljava/util/List;' @32  NULL (0)
 - private 'pluginRepositories' 'Ljava/util/List;' @36  
[error occurred during error reporting (printing register info), id 0xc0000005, EXCEPTION_ACCESS_VIOLATION (0xc0000005) at pc=0x00007fff367a403e]

Top of Stack: (sp=0x00000081cf4ff3e0)
0x00000081cf4ff3e0:   00000000c6867c40 00007fff36ac035e
0x00000081cf4ff3f0:   00000000cd116fd8 00000000cd116fd4
0x00000081cf4ff400:   00000001005ce808 00007fff36abedee
0x00000081cf4ff410:   00000000c6867bf4 00007fff36ac035e
0x00000081cf4ff420:   00000000c6867a40 00000000c6867a04
0x00000081cf4ff430:   0000000000000000 00007fff36f3c7a0
0x00000081cf4ff440:   0000000000002c05 00007fff36ac06a4
0x00000081cf4ff450:   00007fff36dc1158 000002434198c690
0x00000081cf4ff460:   00007fff36d2bb90 0000000000002c06
0x00000081cf4ff470:   0000000000000000 00007fff00000000
0x00000081cf4ff480:   000002434198c690 00007fff36abe581
0x00000081cf4ff490:   00000000c6ac4368 0000000000000000
0x00000081cf4ff4a0:   00007fff36dc1158 00000243419002e0
0x00000081cf4ff4b0:   0000000100000003 000002434198c690
0x00000081cf4ff4c0:   0000000000000000 0000000000000000
0x00000081cf4ff4d0:   0000000000000002 00000000cdbdf990
0x00000081cf4ff4e0:   00007fff36f3c7a0 000000000000000c
0x00000081cf4ff4f0:   000002434198c690 00007fff36ac8de1
0x00000081cf4ff500:   000000000000000c 00007fff36dc1158
0x00000081cf4ff510:   000002434198c690 00007fff36dc1158
0x00000081cf4ff520:   00000000cdbdce20 00007fff00000800
0x00000081cf4ff530:   00007fff36dc1158 00000243419002e0
0x00000081cf4ff540:   0000000000000003 000002434198c690
0x00000081cf4ff550:   0000000000000002 00000081ce8ff190
0x00000081cf4ff560:   00000081ce8ff158 00000081ce8ff050
0x00000081cf4ff570:   00000081ce8ff050 00007fff36ac9cfa
0x00000081cf4ff580:   0000000000000005 00000081cf4ff600
0x00000081cf4ff590:   00000000c6ac4280 000002435d3c6b90
0x00000081cf4ff5a0:   00000081ce8ff3f0 000002435cdce1a0
0x00000081cf4ff5b0:   0000000200000002 000002434198c690
0x00000081cf4ff5c0:   00007fff36dc1948 000002434198c690
0x00000081cf4ff5d0:   00007fff36dc1b50 0000000000000002 

Instructions: (pc=0x00007fff36abe560)
0x00007fff36abe460:   e3 47 00 49 3b c2 74 03 48 ff e0 c3 cc cc cc cc
0x00007fff36abe470:   80 3d 0a 4f 4d 00 00 4c 8d 15 42 ba 95 ff 49 8b
0x00007fff36abe480:   c2 4c 8d 0d 38 ba 95 ff 49 0f 45 c1 48 89 05 2d
0x00007fff36abe490:   e3 47 00 49 3b c2 74 03 48 ff e0 c3 cc cc cc cc
0x00007fff36abe4a0:   48 89 5c 24 08 57 48 83 ec 20 48 8b 1a 48 8b f9
0x00007fff36abe4b0:   48 85 db 74 4b 4c 8b 05 44 f1 4e 00 48 8b c3 8b
0x00007fff36abe4c0:   0d 73 9d 46 00 49 2b 00 4d 8b 40 10 48 c1 e8 03
0x00007fff36abe4d0:   48 d3 e8 4c 8b c8 24 3f 49 c1 e9 06 0f b6 c8 4b
0x00007fff36abe4e0:   8b 04 c8 48 0f a3 c8 72 17 48 8b cb e8 bf 27 00
0x00007fff36abe4f0:   00 84 c0 74 0b 48 8b d3 48 8b cf e8 a0 28 00 00
0x00007fff36abe500:   48 8b 5c 24 30 48 83 c4 20 5f c3 cc cc cc cc cc
0x00007fff36abe510:   40 57 48 83 ec 20 8b 02 48 8b f9 85 c0 74 67 8b
0x00007fff36abe520:   0d c3 8d 46 00 4c 8b 05 d4 f0 4e 00 48 89 5c 24
0x00007fff36abe530:   30 8b d8 48 d3 e3 48 03 1d a3 8d 46 00 8b 0d f5
0x00007fff36abe540:   9c 46 00 48 8b c3 49 2b 00 4d 8b 40 10 48 c1 e8
0x00007fff36abe550:   03 48 d3 e8 4c 8b c8 24 3f 49 c1 e9 06 0f b6 c8
0x00007fff36abe560:   4b 8b 04 c8 48 0f a3 c8 72 17 48 8b cb e8 3e 27
0x00007fff36abe570:   00 00 84 c0 74 0b 48 8b d3 48 8b cf e8 1f 28 00
0x00007fff36abe580:   00 48 8b 5c 24 30 48 83 c4 20 5f c3 cc cc cc cc
0x00007fff36abe590:   48 89 5c 24 20 56 57 41 55 41 56 41 57 48 83 ec
0x00007fff36abe5a0:   20 4c 63 91 a0 00 00 00 4d 8b f0 4c 63 89 24 01
0x00007fff36abe5b0:   00 00 49 83 c2 39 8b 81 20 01 00 00 4d 03 d1 48
0x00007fff36abe5c0:   89 6c 24 58 49 03 c2 4c 89 64 24 60 4c 8b fa 4c
0x00007fff36abe5d0:   8b e9 4a 8d 2c d5 00 00 00 00 4c 8d 24 c5 00 00
0x00007fff36abe5e0:   00 00 48 03 e9 4c 03 e1 49 3b ec 73 4b 0f 1f 00
0x00007fff36abe5f0:   48 63 5d 00 8b 45 04 49 03 df 48 8d 34 c3 48 3b
0x00007fff36abe600:   de 73 2c 48 8b 3b 48 85 ff 74 1b 4d 8b 46 10 48
0x00007fff36abe610:   8d 0d fa f1 4e 00 48 8b d7 e8 c2 4f 00 00 48 3b
0x00007fff36abe620:   c7 74 03 48 89 03 48 83 c3 08 48 3b de 72 d4 48
0x00007fff36abe630:   83 c5 08 49 3b ec 72 b8 49 8b 06 49 8b ce ff 50
0x00007fff36abe640:   10 4c 8b 64 24 60 48 8b 6c 24 58 85 c0 0f 84 dc
0x00007fff36abe650:   00 00 00 83 e8 01 0f 84 9b 00 00 00 83 e8 01 74 


Stack slot to memory mapping:
stack at sp + 0 slots: 0x00000000c6867c40 is an oop: java.util.Properties 
{0x00000000c6867c40} - klass: 'java/util/Properties'
 - ---- fields (total size 7 words):
 - private transient 'count' 'I' @12  0
 - private 'threshold' 'I' @16  0
 - private 'loadFactor' 'F' @20  0.000000
 - private transient 'modCount' 'I' @24  0
 - private transient 'table' '[Ljava/util/Hashtable$Entry;' @28  NULL (0)
 - private volatile transient 'keySet' 'Ljava/util/Set;' @32  NULL (0)
 - private volatile transient 'entrySet' 'Ljava/util/Set;' @36  NULL (0)
 - private volatile transient 'values' 'Ljava/util/Collection;' @40  NULL (0)
 - protected volatile 'defaults' 'Ljava/util/Properties;' @44  NULL (0)
 - private volatile transient 'map' 'Ljava/util/concurrent/ConcurrentHashMap;' @48  a 'java/util/concurrent/ConcurrentHashMap'{0x00000000c6867c78} (c6867c78)
stack at sp + 1 slots: 0x00007fff36ac035e jvm.dll
stack at sp + 2 slots: 0x00000000cd116fd8 is an oop: java.lang.reflect.Method 
{0x00000000cd116fd8} - klass: 'java/lang/reflect/Method'
 - ---- fields (total size 11 words):
 - 'override' 'Z' @12  false
 - volatile 'accessCheckCache' 'Ljava/lang/Object;' @16  NULL (0)
 - private volatile transient 'hasRealParameterData' 'Z' @13  false
 - private volatile transient 'parameters' '[Ljava/lang/reflect/Parameter;' @20  NULL (0)
 - private volatile transient 'declaredAnnotations' 'Ljava/util/Map;' @24  a 'java/util/Collections$EmptyMap'{0x00000000c0004ae8} (c0004ae8)
 - private 'slot' 'I' @28  4
 - private synchronized 'modifiers' 'I' @32  1025 (401)
 - private synchronized 'clazz' 'Ljava/lang/Class;' @36  a 'java/lang/Class'{0x00000000c11dd760} = 'org/apache/maven/project/path/PathTranslator' (c11dd760)
 - private 'name' 'Ljava/lang/String;' @40  "unalignFromBaseDirectory"{0x00000000c142b9b0} (c142b9b0)
 - private 'returnType' 'Ljava/lang/Class;' @44  a 'java/lang/Class'{0x00000000c0001758} = void (c0001758)
 - private 'parameterTypes' '[Ljava/lang/Class;' @48  a 'java/lang/Class'[2] {0x00000000cd117030} (cd117030)
 - private 'exceptionTypes' '[Ljava/lang/Class;' @52  a 'java/lang/Class'[0] {0x00000000c0643ad0} (c0643ad0)
 - private transient 'signature' 'Ljava/lang/String;' @56  NULL (0)
 - private transient 'genericInfo' 'Lsun/reflect/generics/repository/MethodRepository;' @60  NULL (0)
 - private 'annotations' '[B' @64  NULL (0)
 - private 'parameterAnnotations' '[B' @68  NULL (0)
 - private 'annotationDefault' '[B' @72  NULL (0)
 - private volatile 'methodAccessor' 'Ljdk/internal/reflect/MethodAccessor;' @76  NULL (0)
 - private 'root' 'Ljava/lang/reflect/Method;' @80  NULL (0)
stack at sp + 3 slots: 0x00000000cd116fd4 is pointing into object: [Ljava.lang.reflect.Method; 
{0x00000000cd116fb8} - klass: 'java/lang/reflect/Method'[]
 - length: 4
stack at sp + 4 slots: 0x00000001005ce808 is pointing into metadata
stack at sp + 5 slots: 0x00007fff36abedee jvm.dll
stack at sp + 6 slots: 0x00000000c6867bf4 is pointing into object: org.apache.maven.model.Profile 
{0x00000000c6867bd0} - klass: 'org/apache/maven/model/Profile'
 - ---- fields (total size 14 words):
 - private 'modules' 'Ljava/util/List;' @12  NULL (0)
 - private 'distributionManagement' 'Lorg/apache/maven/model/DistributionManagement;' @16  NULL (0)
 - private 'properties' 'Ljava/util/Properties;' @20  a 'java/util/Properties'{0x00000000c6867c40} (c6867c40)
 - private 'dependencyManagement' 'Lorg/apache/maven/model/DependencyManagement;' @24  NULL (0)
 - private 'dependencies' 'Ljava/util/List;' @28  NULL (0)
 - private 'repositories' 'Ljava/util/List;' @32  NULL (0)
 - private 'pluginRepositories' 'Ljava/util/List;' @36  
[error occurred during error reporting (inspecting top of stack), id 0xc0000005, EXCEPTION_ACCESS_VIOLATION (0xc0000005) at pc=0x00007fff367a403e]


---------------  P R O C E S S  ---------------

Threads class SMR info:
_java_thread_list=0x000002435ed6ad60, length=51, elements={
0x00000243418f1060, 0x000002435575fc40, 0x0000024355761f80, 0x0000024355769eb0,
0x000002435576ac40, 0x000002435576c170, 0x000002435a8927e0, 0x000002435a8943d0,
0x000002435a895530, 0x000002435a8965e0, 0x000002435a962250, 0x000002435c9ba040,
0x000002435d2dd6f0, 0x000002435d3ee4f0, 0x000002435d008c40, 0x000002435d8da8c0,
0x000002435d8010b0, 0x000002435d4a7450, 0x000002435d4a7e70, 0x000002435d4a6f40,
0x000002435d4a6010, 0x000002435d4a6a30, 0x000002435d4a8380, 0x000002435d4a92b0,
0x000002435d4a5b00, 0x000002435df39510, 0x000002435df380d0, 0x000002435df39a20,
0x000002435df3bd90, 0x000002435df376b0, 0x000002435df3a440, 0x000002435df39f30,
0x000002435df37bc0, 0x000002435df38af0, 0x000002435df3a950, 0x000002435df3ae60,
0x000002435df3b370, 0x000002435df3b880, 0x000002435df3c2a0, 0x000002435df3ccc0,
0x000002435df371a0, 0x000002435df3c7b0, 0x000002435df36780, 0x000002435df39000,
0x0000024361edcb30, 0x0000024361ed5100, 0x0000024361ed90c0, 0x0000024361ed9b60,
0x0000024361ed80d0, 0x0000024361ed5650, 0x0000024361ed9610
}

Java Threads: ( => current thread )
  0x00000243418f1060 JavaThread "main" [_thread_blocked, id=2748, stack(0x00000081ce600000,0x00000081ce700000)]
  0x000002435575fc40 JavaThread "Reference Handler" daemon [_thread_blocked, id=13112, stack(0x00000081ce900000,0x00000081cea00000)]
  0x0000024355761f80 JavaThread "Finalizer" daemon [_thread_blocked, id=14048, stack(0x00000081cea00000,0x00000081ceb00000)]
  0x0000024355769eb0 JavaThread "Signal Dispatcher" daemon [_thread_blocked, id=16708, stack(0x00000081ceb00000,0x00000081cec00000)]
  0x000002435576ac40 JavaThread "Attach Listener" daemon [_thread_blocked, id=9052, stack(0x00000081cec00000,0x00000081ced00000)]
  0x000002435576c170 JavaThread "Service Thread" daemon [_thread_blocked, id=21524, stack(0x00000081ced00000,0x00000081cee00000)]
  0x000002435a8927e0 JavaThread "Monitor Deflation Thread" daemon [_thread_blocked, id=20260, stack(0x00000081cee00000,0x00000081cef00000)]
  0x000002435a8943d0 JavaThread "C2 CompilerThread0" daemon [_thread_in_native, id=4844, stack(0x00000081cef00000,0x00000081cf000000)]
  0x000002435a895530 JavaThread "C1 CompilerThread0" daemon [_thread_blocked, id=4504, stack(0x00000081cf000000,0x00000081cf100000)]
  0x000002435a8965e0 JavaThread "Sweeper thread" daemon [_thread_blocked, id=15816, stack(0x00000081cf100000,0x00000081cf200000)]
  0x000002435a962250 JavaThread "Common-Cleaner" daemon [_thread_blocked, id=19224, stack(0x00000081cf200000,0x00000081cf300000)]
  0x000002435c9ba040 JavaThread "Notification Thread" daemon [_thread_blocked, id=16680, stack(0x00000081cf600000,0x00000081cf700000)]
  0x000002435d2dd6f0 JavaThread "Active Thread: Equinox Container: 432ec4ee-2cbb-47a9-ac65-be7d42e596ac" [_thread_blocked, id=3008, stack(0x00000081cfa00000,0x00000081cfb00000)]
  0x000002435d3ee4f0 JavaThread "Framework Event Dispatcher: Equinox Container: 432ec4ee-2cbb-47a9-ac65-be7d42e596ac" daemon [_thread_blocked, id=20736, stack(0x00000081cf500000,0x00000081cf600000)]
  0x000002435d008c40 JavaThread "Start Level: Equinox Container: 432ec4ee-2cbb-47a9-ac65-be7d42e596ac" daemon [_thread_blocked, id=21716, stack(0x00000081cf800000,0x00000081cf900000)]
  0x000002435d8da8c0 JavaThread "Bundle File Closer" daemon [_thread_blocked, id=15604, stack(0x00000081d0400000,0x00000081d0500000)]
  0x000002435d8010b0 JavaThread "SCR Component Actor" daemon [_thread_blocked, id=15304, stack(0x00000081cf300000,0x00000081cf400000)]
  0x000002435d4a7450 JavaThread "Worker-JM" [_thread_blocked, id=12100, stack(0x00000081d0900000,0x00000081d0a00000)]
  0x000002435d4a7e70 JavaThread "Worker-0: Initialize workspace" [_thread_blocked, id=6128, stack(0x00000081d0b00000,0x00000081d0c00000)]
  0x000002435d4a6f40 JavaThread "Worker-1" [_thread_blocked, id=16104, stack(0x00000081d0c00000,0x00000081d0d00000)]
  0x000002435d4a6010 JavaThread "Java indexing" daemon [_thread_blocked, id=13780, stack(0x00000081d0f00000,0x00000081d1000000)]
  0x000002435d4a6a30 JavaThread "JNA Cleaner" daemon [_thread_blocked, id=22388, stack(0x00000081d1000000,0x00000081d1100000)]
  0x000002435d4a8380 JavaThread "pool-2-thread-1" [_thread_blocked, id=4528, stack(0x00000081d1300000,0x00000081d1400000)]
  0x000002435d4a92b0 JavaThread "WorkspaceEventsHandler" [_thread_blocked, id=15104, stack(0x00000081d1400000,0x00000081d1500000)]
  0x000002435d4a5b00 JavaThread "pool-1-thread-1" [_thread_in_native, id=14432, stack(0x00000081d1500000,0x00000081d1600000)]
  0x000002435df39510 JavaThread "Worker-2" [_thread_blocked, id=21880, stack(0x00000081d1600000,0x00000081d1700000)]
  0x000002435df380d0 JavaThread "Worker-3: Update project topicos1" [_thread_blocked, id=4708, stack(0x00000081d1d00000,0x00000081d1e00000)]
  0x000002435df39a20 JavaThread "ForkJoinPool.commonPool-worker-1" daemon [_thread_blocked, id=19320, stack(0x00000081d1f00000,0x00000081d2000000)]
  0x000002435df3bd90 JavaThread "ForkJoinPool.commonPool-worker-2" daemon [_thread_blocked, id=1104, stack(0x00000081d2000000,0x00000081d2100000)]
  0x000002435df376b0 JavaThread "ForkJoinPool.commonPool-worker-3" daemon [_thread_blocked, id=21792, stack(0x00000081d2100000,0x00000081d2200000)]
  0x000002435df3a440 JavaThread "ForkJoinPool.commonPool-worker-4" daemon [_thread_blocked, id=22360, stack(0x00000081d2200000,0x00000081d2300000)]
  0x000002435df39f30 JavaThread "ForkJoinPool.commonPool-worker-5" daemon [_thread_blocked, id=20320, stack(0x00000081d2300000,0x00000081d2400000)]
  0x000002435df37bc0 JavaThread "Worker-4" [_thread_blocked, id=6108, stack(0x00000081d1c00000,0x00000081d1d00000)]
  0x000002435df38af0 JavaThread "Worker-5" [_thread_blocked, id=2112, stack(0x00000081d2a00000,0x00000081d2b00000)]
  0x000002435df3a950 JavaThread "ForkJoinPool.commonPool-worker-6" daemon [_thread_blocked, id=21952, stack(0x00000081d2400000,0x00000081d2500000)]
  0x000002435df3ae60 JavaThread "ForkJoinPool.commonPool-worker-7" daemon [_thread_blocked, id=22100, stack(0x00000081d2500000,0x00000081d2600000)]
  0x000002435df3b370 JavaThread "ForkJoinPool.commonPool-worker-8" daemon [_thread_blocked, id=18888, stack(0x00000081d2600000,0x00000081d2700000)]
  0x000002435df3b880 JavaThread "ForkJoinPool.commonPool-worker-9" daemon [_thread_blocked, id=13384, stack(0x00000081d2700000,0x00000081d2800000)]
  0x000002435df3c2a0 JavaThread "ForkJoinPool.commonPool-worker-10" daemon [_thread_blocked, id=12896, stack(0x00000081d2800000,0x00000081d2900000)]
  0x000002435df3ccc0 JavaThread "ForkJoinPool.commonPool-worker-11" daemon [_thread_blocked, id=7984, stack(0x00000081d2900000,0x00000081d2a00000)]
  0x000002435df371a0 JavaThread "ForkJoinPool.commonPool-worker-12" daemon [_thread_blocked, id=2404, stack(0x00000081d2b00000,0x00000081d2c00000)]
  0x000002435df3c7b0 JavaThread "ForkJoinPool.commonPool-worker-13" daemon [_thread_blocked, id=8724, stack(0x00000081d0200000,0x00000081d0300000)]
  0x000002435df36780 JavaThread "Worker-6" [_thread_blocked, id=3464, stack(0x00000081d0300000,0x00000081d0400000)]
  0x000002435df39000 JavaThread "ForkJoinPool.commonPool-worker-14" daemon [_thread_blocked, id=15020, stack(0x00000081d1900000,0x00000081d1a00000)]
  0x0000024361edcb30 JavaThread "C1 CompilerThread1" daemon [_thread_blocked, id=22228, stack(0x00000081d0500000,0x00000081d0600000)]
  0x0000024361ed5100 JavaThread "C1 CompilerThread2" daemon [_thread_blocked, id=1772, stack(0x00000081d0600000,0x00000081d0700000)]
  0x0000024361ed90c0 JavaThread "C1 CompilerThread3" daemon [_thread_blocked, id=20200, stack(0x00000081d0e00000,0x00000081d0f00000)]
  0x0000024361ed9b60 JavaThread "C2 CompilerThread1" daemon [_thread_blocked, id=15252, stack(0x00000081d0100000,0x00000081d0200000)]
  0x0000024361ed80d0 JavaThread "C2 CompilerThread2" daemon [_thread_blocked, id=21784, stack(0x00000081d1700000,0x00000081d1800000)]
  0x0000024361ed5650 JavaThread "C2 CompilerThread3" daemon [_thread_blocked, id=20584, stack(0x00000081d1a00000,0x00000081d1b00000)]
  0x0000024361ed9610 JavaThread "C2 CompilerThread4" daemon [_thread_blocked, id=20472, stack(0x00000081d1b00000,0x00000081d1c00000)]

Other Threads:
  0x000002434198e890 VMThread "VM Thread" [stack: 0x00000081ce800000,0x00000081ce900000] [id=1436]
  0x000002435ca93ef0 WatcherThread [stack: 0x00000081cf700000,0x00000081cf800000] [id=21656]
  0x0000024341907a20 GCTaskThread "GC Thread#0" [stack: 0x00000081ce700000,0x00000081ce800000] [id=20100]
  0x000002435d119470 GCTaskThread "GC Thread#1" [stack: 0x00000081cfc00000,0x00000081cfd00000] [id=17588]
  0x000002435cc47e80 GCTaskThread "GC Thread#2" [stack: 0x00000081cfd00000,0x00000081cfe00000] [id=16740]
  0x000002435cc48140 GCTaskThread "GC Thread#3" [stack: 0x00000081cfe00000,0x00000081cff00000] [id=21748]
  0x000002435cc48610 GCTaskThread "GC Thread#4" [stack: 0x00000081cff00000,0x00000081d0000000] [id=16292]
  0x000002435cc41eb0 GCTaskThread "GC Thread#5" [stack: 0x00000081d0000000,0x00000081d0100000] [id=22292]
  0x000002435d289de0 GCTaskThread "GC Thread#6" [stack: 0x00000081cf900000,0x00000081cfa00000] [id=6152]
  0x000002435d2742b0 GCTaskThread "GC Thread#7" [stack: 0x00000081cfb00000,0x00000081cfc00000] [id=22156]
=>0x000002435d3c6b90 GCTaskThread "GC Thread#8" [stack: 0x00000081cf400000,0x00000081cf500000] [id=10620]
  0x000002435d7d8830 GCTaskThread "GC Thread#9" [stack: 0x00000081d0700000,0x00000081d0800000] [id=10156]
  0x000002435d3d6740 GCTaskThread "GC Thread#10" [stack: 0x00000081d0800000,0x00000081d0900000] [id=17040]
  0x000002435d4ad420 GCTaskThread "GC Thread#11" [stack: 0x00000081d0a00000,0x00000081d0b00000] [id=18380]
  0x000002435d194e00 GCTaskThread "GC Thread#12" [stack: 0x00000081d0d00000,0x00000081d0e00000] [id=9028]

Threads with active compile tasks:
C2 CompilerThread0    32986 15080   !   4       org.eclipse.aether.internal.impl.collect.df.DfDependencyCollector::processDependency (684 bytes)
C2 CompilerThread3    32986 15086       4       org.eclipse.aether.internal.impl.collect.DependencyCollectorDelegate::getId (62 bytes)
C2 CompilerThread4    32986 15095       4       org.codehaus.plexus.util.xml.pull.MXParser::requireInput (104 bytes)

VM state: at safepoint (normal execution)

VM Mutex/Monitor currently owned by a thread:  ([mutex/lock_event])
[0x00000243418ee440] Threads_lock - owner thread: 0x000002434198e890
[0x00000243418eedd0] Heap_lock - owner thread: 0x000002435df380d0

Heap address: 0x00000000c0000000, size: 1024 MB, Compressed Oops mode: 32-bit

CDS archive(s) not mapped
Compressed class space mapped at: 0x0000000100000000-0x0000000140000000, reserved size: 1073741824
Narrow klass base: 0x0000000000000000, Narrow klass shift: 3, Narrow klass range: 0x140000000

GC Precious Log:
 CPUs: 16 total, 16 available
 Memory: 32696M
 Large Page Support: Disabled
 NUMA Support: Disabled
 Compressed Oops: Enabled (32-bit)
 Alignments: Space 512K, Generation 512K, Heap 2M
 Heap Min Capacity: 100M
 Heap Initial Capacity: 100M
 Heap Max Capacity: 1G
 Pre-touch: Disabled
 Parallel Workers: 13

Heap:
 PSYoungGen      total 6656K, used 1664K [0x00000000eab00000, 0x00000000eb400000, 0x0000000100000000)
  eden space 4096K, 0% used [0x00000000eab00000,0x00000000eab00000,0x00000000eaf00000)
  from space 2560K, 65% used [0x00000000eaf00000,0x00000000eb0a0000,0x00000000eb180000)
  to   space 2048K, 0% used [0x00000000eb200000,0x00000000eb200000,0x00000000eb400000)
 ParOldGen       total 288256K, used 286988K [0x00000000c0000000, 0x00000000d1980000, 0x00000000eab00000)
  object space 288256K, 99% used [0x00000000c0000000,0x00000000d1843358,0x00000000d1980000)
 Metaspace       used 82741K, committed 84160K, reserved 1179648K
  class space    used 8680K, committed 9216K, reserved 1048576K

Card table byte_map: [0x00000243412a0000,0x00000243414b0000] _byte_map_base: 0x0000024340ca0000

Marking Bits: (ParMarkBitMap*) 0x00007fff36fad7d0
 Begin Bits: [0x0000024353570000, 0x0000024354570000)
 End Bits:   [0x0000024354570000, 0x0000024355570000)

Polling page: 0x0000024341090000

Metaspace:

Usage:
  Non-class:     72.33 MB used.
      Class:      8.48 MB used.
       Both:     80.80 MB used.

Virtual space:
  Non-class space:      128.00 MB reserved,      73.19 MB ( 57%) committed,  2 nodes.
      Class space:        1.00 GB reserved,       9.00 MB ( <1%) committed,  1 nodes.
             Both:        1.12 GB reserved,      82.19 MB (  7%) committed. 

Chunk freelists:
   Non-Class:  6.78 MB
       Class:  7.03 MB
        Both:  13.81 MB

MaxMetaspaceSize: unlimited
CompressedClassSpaceSize: 1.00 GB
Initial GC threshold: 21.00 MB
Current GC threshold: 136.88 MB
CDS: off
MetaspaceReclaimPolicy: balanced
 - commit_granule_bytes: 65536.
 - commit_granule_words: 8192.
 - virtual_space_node_default_size: 8388608.
 - enlarge_chunks_in_place: 1.
 - new_chunks_are_fully_committed: 0.
 - uncommit_free_chunks: 1.
 - use_allocation_guard: 0.
 - handle_deallocations: 1.


Internal statistics:

num_allocs_failed_limit: 9.
num_arena_births: 1066.
num_arena_deaths: 36.
num_vsnodes_births: 3.
num_vsnodes_deaths: 0.
num_space_committed: 1315.
num_space_uncommitted: 0.
num_chunks_returned_to_freelist: 55.
num_chunks_taken_from_freelist: 4424.
num_chunk_merges: 17.
num_chunk_splits: 2721.
num_chunks_enlarged: 1555.
num_inconsistent_stats: 0.

CodeHeap 'non-profiled nmethods': size=119168Kb used=11851Kb max_used=11851Kb free=107316Kb
 bounds [0x000002434c110000, 0x000002434ccb0000, 0x0000024353570000]
CodeHeap 'profiled nmethods': size=119104Kb used=25954Kb max_used=27086Kb free=93149Kb
 bounds [0x0000024344570000, 0x0000024345ff0000, 0x000002434b9c0000]
CodeHeap 'non-nmethods': size=7488Kb used=3080Kb max_used=3267Kb free=4407Kb
 bounds [0x000002434b9c0000, 0x000002434bd00000, 0x000002434c110000]
 total_blobs=12891 nmethods=12151 adapters=650
 compilation: enabled
              stopped_count=0, restarted_count=0
 full_count=0

Compilation events (20 events):
Event: 32.900 Thread 0x0000024361ed9b60 15081       4       org.eclipse.aether.resolution.VersionRangeResult::getRepository (14 bytes)
Event: 32.900 Thread 0x0000024361ed80d0 15093       4       org.eclipse.aether.internal.impl.collect.DependencyCollectorDelegate::isLackingDescriptor (19 bytes)
Event: 32.900 Thread 0x0000024361ed5650 15086       4       org.eclipse.aether.internal.impl.collect.DependencyCollectorDelegate::getId (62 bytes)
Event: 32.900 Thread 0x0000024361ed9610 15087       4       org.eclipse.aether.util.graph.traverser.FatArtifactTraverser::traverseDependency (34 bytes)
Event: 32.901 Thread 0x0000024361ed9b60 nmethod 15081 0x000002434cc9e210 code [0x000002434cc9e380, 0x000002434cc9e438]
Event: 32.901 Thread 0x0000024361ed9b60 15090       4       org.eclipse.aether.internal.impl.collect.DataPool::intern (15 bytes)
Event: 32.902 Thread 0x0000024361ed80d0 nmethod 15093 0x000002434cc9e510 code [0x000002434cc9e6a0, 0x000002434cc9e7d8]
Event: 32.902 Thread 0x0000024361ed80d0 15091       4       org.eclipse.aether.internal.impl.collect.DataPool::intern (15 bytes)
Event: 32.904 Thread 0x0000024361ed9b60 nmethod 15090 0x000002434cc9e990 code [0x000002434cc9eb40, 0x000002434cc9f258]
Event: 32.904 Thread 0x0000024361ed9b60 15092       4       org.eclipse.aether.internal.impl.collect.DependencyCollectorDelegate::getRemoteRepositories (25 bytes)
Event: 32.905 Thread 0x0000024361ed80d0 nmethod 15091 0x000002434cc9f690 code [0x000002434cc9f840, 0x000002434cc9ff58]
Event: 32.905 Thread 0x0000024361ed80d0 15088       4       org.eclipse.aether.util.graph.manager.ClassicDependencyManager::hashCode (90 bytes)
Event: 32.905 Thread 0x0000024361ed9b60 nmethod 15092 0x000002434cca0390 code [0x000002434cca0500, 0x000002434cca05b8]
Event: 32.905 Thread 0x0000024361ed9b60 15089       4       org.eclipse.aether.util.graph.traverser.FatArtifactTraverser::hashCode (8 bytes)
Event: 32.906 Thread 0x0000024361ed9b60 nmethod 15089 0x000002434cca0690 code [0x000002434cca0820, 0x000002434cca08e8]
Event: 32.906 Thread 0x0000024361ed9b60 15085       4       org.eclipse.aether.util.artifact.DefaultArtifactTypeRegistry::get (6 bytes)
Event: 32.907 Thread 0x0000024361ed80d0 nmethod 15088 0x000002434cca0990 code [0x000002434cca0b60, 0x000002434cca0df0]
Event: 32.910 Thread 0x0000024361ed9610 nmethod 15087 0x000002434cca1010 code [0x000002434cca1200, 0x000002434cca1ab8]
Event: 32.913 Thread 0x0000024361ed9b60 nmethod 15085 0x000002434cca2110 code [0x000002434cca22c0, 0x000002434cca29b8]
Event: 32.930 Thread 0x0000024361ed9610 15095       4       org.codehaus.plexus.util.xml.pull.MXParser::requireInput (104 bytes)

GC Heap History (20 events):
Event: 32.836 GC heap after
{Heap after GC invocations=271 (full 9):
 PSYoungGen      total 6144K, used 1376K [0x00000000eab00000, 0x00000000eb300000, 0x0000000100000000)
  eden space 4608K, 0% used [0x00000000eab00000,0x00000000eab00000,0x00000000eaf80000)
  from space 1536K, 89% used [0x00000000eb180000,0x00000000eb2d8000,0x00000000eb300000)
  to   space 1536K, 0% used [0x00000000eb000000,0x00000000eb000000,0x00000000eb180000)
 ParOldGen       total 288256K, used 276463K [0x00000000c0000000, 0x00000000d1980000, 0x00000000eab00000)
  object space 288256K, 95% used [0x00000000c0000000,0x00000000d0dfbd18,0x00000000d1980000)
 Metaspace       used 82739K, committed 84160K, reserved 1179648K
  class space    used 8680K, committed 9216K, reserved 1048576K
}
Event: 32.844 GC heap before
{Heap before GC invocations=272 (full 9):
 PSYoungGen      total 6144K, used 5984K [0x00000000eab00000, 0x00000000eb300000, 0x0000000100000000)
  eden space 4608K, 100% used [0x00000000eab00000,0x00000000eaf80000,0x00000000eaf80000)
  from space 1536K, 89% used [0x00000000eb180000,0x00000000eb2d8000,0x00000000eb300000)
  to   space 1536K, 0% used [0x00000000eb000000,0x00000000eb000000,0x00000000eb180000)
 ParOldGen       total 288256K, used 276463K [0x00000000c0000000, 0x00000000d1980000, 0x00000000eab00000)
  object space 288256K, 95% used [0x00000000c0000000,0x00000000d0dfbd18,0x00000000d1980000)
 Metaspace       used 82739K, committed 84160K, reserved 1179648K
  class space    used 8680K, committed 9216K, reserved 1048576K
}
Event: 32.845 GC heap after
{Heap after GC invocations=272 (full 9):
 PSYoungGen      total 6656K, used 1536K [0x00000000eab00000, 0x00000000eb680000, 0x0000000100000000)
  eden space 5120K, 0% used [0x00000000eab00000,0x00000000eab00000,0x00000000eb000000)
  from space 1536K, 100% used [0x00000000eb000000,0x00000000eb180000,0x00000000eb180000)
  to   space 3072K, 0% used [0x00000000eb380000,0x00000000eb380000,0x00000000eb680000)
 ParOldGen       total 288256K, used 277474K [0x00000000c0000000, 0x00000000d1980000, 0x00000000eab00000)
  object space 288256K, 96% used [0x00000000c0000000,0x00000000d0ef8888,0x00000000d1980000)
 Metaspace       used 82739K, committed 84160K, reserved 1179648K
  class space    used 8680K, committed 9216K, reserved 1048576K
}
Event: 32.856 GC heap before
{Heap before GC invocations=273 (full 9):
 PSYoungGen      total 6656K, used 6656K [0x00000000eab00000, 0x00000000eb680000, 0x0000000100000000)
  eden space 5120K, 100% used [0x00000000eab00000,0x00000000eb000000,0x00000000eb000000)
  from space 1536K, 100% used [0x00000000eb000000,0x00000000eb180000,0x00000000eb180000)
  to   space 3072K, 0% used [0x00000000eb380000,0x00000000eb380000,0x00000000eb680000)
 ParOldGen       total 288256K, used 277474K [0x00000000c0000000, 0x00000000d1980000, 0x00000000eab00000)
  object space 288256K, 96% used [0x00000000c0000000,0x00000000d0ef8888,0x00000000d1980000)
 Metaspace       used 82739K, committed 84160K, reserved 1179648K
  class space    used 8680K, committed 9216K, reserved 1048576K
}
Event: 32.857 GC heap after
{Heap after GC invocations=273 (full 9):
 PSYoungGen      total 7168K, used 928K [0x00000000eab00000, 0x00000000eb480000, 0x0000000100000000)
  eden space 6144K, 0% used [0x00000000eab00000,0x00000000eab00000,0x00000000eb100000)
  from space 1024K, 90% used [0x00000000eb380000,0x00000000eb468000,0x00000000eb480000)
  to   space 1536K, 0% used [0x00000000eb180000,0x00000000eb180000,0x00000000eb300000)
 ParOldGen       total 288256K, used 278895K [0x00000000c0000000, 0x00000000d1980000, 0x00000000eab00000)
  object space 288256K, 96% used [0x00000000c0000000,0x00000000d105bf68,0x00000000d1980000)
 Metaspace       used 82739K, committed 84160K, reserved 1179648K
  class space    used 8680K, committed 9216K, reserved 1048576K
}
Event: 32.866 GC heap before
{Heap before GC invocations=274 (full 9):
 PSYoungGen      total 7168K, used 7072K [0x00000000eab00000, 0x00000000eb480000, 0x0000000100000000)
  eden space 6144K, 100% used [0x00000000eab00000,0x00000000eb100000,0x00000000eb100000)
  from space 1024K, 90% used [0x00000000eb380000,0x00000000eb468000,0x00000000eb480000)
  to   space 1536K, 0% used [0x00000000eb180000,0x00000000eb180000,0x00000000eb300000)
 ParOldGen       total 288256K, used 278895K [0x00000000c0000000, 0x00000000d1980000, 0x00000000eab00000)
  object space 288256K, 96% used [0x00000000c0000000,0x00000000d105bf68,0x00000000d1980000)
 Metaspace       used 82739K, committed 84160K, reserved 1179648K
  class space    used 8680K, committed 9216K, reserved 1048576K
}
Event: 32.866 GC heap after
{Heap after GC invocations=274 (full 9):
 PSYoungGen      total 7680K, used 737K [0x00000000eab00000, 0x00000000eb400000, 0x0000000100000000)
  eden space 6144K, 0% used [0x00000000eab00000,0x00000000eab00000,0x00000000eb100000)
  from space 1536K, 48% used [0x00000000eb180000,0x00000000eb238628,0x00000000eb300000)
  to   space 1024K, 0% used [0x00000000eb300000,0x00000000eb300000,0x00000000eb400000)
 ParOldGen       total 288256K, used 279271K [0x00000000c0000000, 0x00000000d1980000, 0x00000000eab00000)
  object space 288256K, 96% used [0x00000000c0000000,0x00000000d10b9f68,0x00000000d1980000)
 Metaspace       used 82739K, committed 84160K, reserved 1179648K
  class space    used 8680K, committed 9216K, reserved 1048576K
}
Event: 32.872 GC heap before
{Heap before GC invocations=275 (full 9):
 PSYoungGen      total 7680K, used 6881K [0x00000000eab00000, 0x00000000eb400000, 0x0000000100000000)
  eden space 6144K, 100% used [0x00000000eab00000,0x00000000eb100000,0x00000000eb100000)
  from space 1536K, 48% used [0x00000000eb180000,0x00000000eb238628,0x00000000eb300000)
  to   space 1024K, 0% used [0x00000000eb300000,0x00000000eb300000,0x00000000eb400000)
 ParOldGen       total 288256K, used 279271K [0x00000000c0000000, 0x00000000d1980000, 0x00000000eab00000)
  object space 288256K, 96% used [0x00000000c0000000,0x00000000d10b9f68,0x00000000d1980000)
 Metaspace       used 82739K, committed 84160K, reserved 1179648K
  class space    used 8680K, committed 9216K, reserved 1048576K
}
Event: 32.873 GC heap after
{Heap after GC invocations=275 (full 9):
 PSYoungGen      total 6144K, used 1024K [0x00000000eab00000, 0x00000000eb800000, 0x0000000100000000)
  eden space 5120K, 0% used [0x00000000eab00000,0x00000000eab00000,0x00000000eb000000)
  from space 1024K, 100% used [0x00000000eb300000,0x00000000eb400000,0x00000000eb400000)
  to   space 3072K, 0% used [0x00000000eb000000,0x00000000eb000000,0x00000000eb300000)
 ParOldGen       total 288256K, used 280907K [0x00000000c0000000, 0x00000000d1980000, 0x00000000eab00000)
  object space 288256K, 97% used [0x00000000c0000000,0x00000000d1252c68,0x00000000d1980000)
 Metaspace       used 82739K, committed 84160K, reserved 1179648K
  class space    used 8680K, committed 9216K, reserved 1048576K
}
Event: 32.881 GC heap before
{Heap before GC invocations=276 (full 9):
 PSYoungGen      total 6144K, used 6144K [0x00000000eab00000, 0x00000000eb800000, 0x0000000100000000)
  eden space 5120K, 100% used [0x00000000eab00000,0x00000000eb000000,0x00000000eb000000)
  from space 1024K, 100% used [0x00000000eb300000,0x00000000eb400000,0x00000000eb400000)
  to   space 3072K, 0% used [0x00000000eb000000,0x00000000eb000000,0x00000000eb300000)
 ParOldGen       total 288256K, used 280907K [0x00000000c0000000, 0x00000000d1980000, 0x00000000eab00000)
  object space 288256K, 97% used [0x00000000c0000000,0x00000000d1252c68,0x00000000d1980000)
 Metaspace       used 82739K, committed 84160K, reserved 1179648K
  class space    used 8680K, committed 9216K, reserved 1048576K
}
Event: 32.882 GC heap after
{Heap after GC invocations=276 (full 9):
 PSYoungGen      total 7680K, used 2080K [0x00000000eab00000, 0x00000000eb500000, 0x0000000100000000)
  eden space 5120K, 0% used [0x00000000eab00000,0x00000000eab00000,0x00000000eb000000)
  from space 2560K, 81% used [0x00000000eb000000,0x00000000eb208000,0x00000000eb280000)
  to   space 2560K, 0% used [0x00000000eb280000,0x00000000eb280000,0x00000000eb500000)
 ParOldGen       total 288256K, used 281688K [0x00000000c0000000, 0x00000000d1980000, 0x00000000eab00000)
  object space 288256K, 97% used [0x00000000c0000000,0x00000000d1316348,0x00000000d1980000)
 Metaspace       used 82739K, committed 84160K, reserved 1179648K
  class space    used 8680K, committed 9216K, reserved 1048576K
}
Event: 32.888 GC heap before
{Heap before GC invocations=277 (full 9):
 PSYoungGen      total 7680K, used 7200K [0x00000000eab00000, 0x00000000eb500000, 0x0000000100000000)
  eden space 5120K, 100% used [0x00000000eab00000,0x00000000eb000000,0x00000000eb000000)
  from space 2560K, 81% used [0x00000000eb000000,0x00000000eb208000,0x00000000eb280000)
  to   space 2560K, 0% used [0x00000000eb280000,0x00000000eb280000,0x00000000eb500000)
 ParOldGen       total 288256K, used 281688K [0x00000000c0000000, 0x00000000d1980000, 0x00000000eab00000)
  object space 288256K, 97% used [0x00000000c0000000,0x00000000d1316348,0x00000000d1980000)
 Metaspace       used 82739K, committed 84160K, reserved 1179648K
  class space    used 8680K, committed 9216K, reserved 1048576K
}
Event: 32.889 GC heap after
{Heap after GC invocations=277 (full 9):
 PSYoungGen      total 7680K, used 2272K [0x00000000eab00000, 0x00000000eb600000, 0x0000000100000000)
  eden space 5120K, 0% used [0x00000000eab00000,0x00000000eab00000,0x00000000eb000000)
  from space 2560K, 88% used [0x00000000eb280000,0x00000000eb4b8000,0x00000000eb500000)
  to   space 2560K, 0% used [0x00000000eb000000,0x00000000eb000000,0x00000000eb280000)
 ParOldGen       total 288256K, used 283214K [0x00000000c0000000, 0x00000000d1980000, 0x00000000eab00000)
  object space 288256K, 98% used [0x00000000c0000000,0x00000000d1493a28,0x00000000d1980000)
 Metaspace       used 82739K, committed 84160K, reserved 1179648K
  class space    used 8680K, committed 9216K, reserved 1048576K
}
Event: 32.914 GC heap before
{Heap before GC invocations=278 (full 9):
 PSYoungGen      total 7680K, used 7392K [0x00000000eab00000, 0x00000000eb600000, 0x0000000100000000)
  eden space 5120K, 100% used [0x00000000eab00000,0x00000000eb000000,0x00000000eb000000)
  from space 2560K, 88% used [0x00000000eb280000,0x00000000eb4b8000,0x00000000eb500000)
  to   space 2560K, 0% used [0x00000000eb000000,0x00000000eb000000,0x00000000eb280000)
 ParOldGen       total 288256K, used 283214K [0x00000000c0000000, 0x00000000d1980000, 0x00000000eab00000)
  object space 288256K, 98% used [0x00000000c0000000,0x00000000d1493a28,0x00000000d1980000)
 Metaspace       used 82741K, committed 84160K, reserved 1179648K
  class space    used 8680K, committed 9216K, reserved 1048576K
}
Event: 32.916 GC heap after
{Heap after GC invocations=278 (full 9):
 PSYoungGen      total 6144K, used 736K [0x00000000eab00000, 0x00000000eb300000, 0x0000000100000000)
  eden space 5120K, 0% used [0x00000000eab00000,0x00000000eab00000,0x00000000eb000000)
  from space 1024K, 71% used [0x00000000eb000000,0x00000000eb0b8000,0x00000000eb100000)
  to   space 1536K, 0% used [0x00000000eb180000,0x00000000eb180000,0x00000000eb300000)
 ParOldGen       total 288256K, used 284988K [0x00000000c0000000, 0x00000000d1980000, 0x00000000eab00000)
  object space 288256K, 98% used [0x00000000c0000000,0x00000000d164f108,0x00000000d1980000)
 Metaspace       used 82741K, committed 84160K, reserved 1179648K
  class space    used 8680K, committed 9216K, reserved 1048576K
}
Event: 32.923 GC heap before
{Heap before GC invocations=279 (full 9):
 PSYoungGen      total 6144K, used 5850K [0x00000000eab00000, 0x00000000eb300000, 0x0000000100000000)
  eden space 5120K, 99% used [0x00000000eab00000,0x00000000eaffeb18,0x00000000eb000000)
  from space 1024K, 71% used [0x00000000eb000000,0x00000000eb0b8000,0x00000000eb100000)
  to   space 1536K, 0% used [0x00000000eb180000,0x00000000eb180000,0x00000000eb300000)
 ParOldGen       total 288256K, used 284988K [0x00000000c0000000, 0x00000000d1980000, 0x00000000eab00000)
  object space 288256K, 98% used [0x00000000c0000000,0x00000000d164f108,0x00000000d1980000)
 Metaspace       used 82741K, committed 84160K, reserved 1179648K
  class space    used 8680K, committed 9216K, reserved 1048576K
}
Event: 32.925 GC heap after
{Heap after GC invocations=279 (full 9):
 PSYoungGen      total 5632K, used 1520K [0x00000000eab00000, 0x00000000eb600000, 0x0000000100000000)
  eden space 4096K, 0% used [0x00000000eab00000,0x00000000eab00000,0x00000000eaf00000)
  from space 1536K, 98% used [0x00000000eb180000,0x00000000eb2fc010,0x00000000eb300000)
  to   space 2560K, 0% used [0x00000000eaf00000,0x00000000eaf00000,0x00000000eb180000)
 ParOldGen       total 288256K, used 285647K [0x00000000c0000000, 0x00000000d1980000, 0x00000000eab00000)
  object space 288256K, 99% used [0x00000000c0000000,0x00000000d16f3c78,0x00000000d1980000)
 Metaspace       used 82741K, committed 84160K, reserved 1179648K
  class space    used 8680K, committed 9216K, reserved 1048576K
}
Event: 32.931 GC heap before
{Heap before GC invocations=280 (full 9):
 PSYoungGen      total 5632K, used 5616K [0x00000000eab00000, 0x00000000eb600000, 0x0000000100000000)
  eden space 4096K, 100% used [0x00000000eab00000,0x00000000eaf00000,0x00000000eaf00000)
  from space 1536K, 98% used [0x00000000eb180000,0x00000000eb2fc010,0x00000000eb300000)
  to   space 2560K, 0% used [0x00000000eaf00000,0x00000000eaf00000,0x00000000eb180000)
 ParOldGen       total 288256K, used 285647K [0x00000000c0000000, 0x00000000d1980000, 0x00000000eab00000)
  object space 288256K, 99% used [0x00000000c0000000,0x00000000d16f3c78,0x00000000d1980000)
 Metaspace       used 82741K, committed 84160K, reserved 1179648K
  class space    used 8680K, committed 9216K, reserved 1048576K
}
Event: 32.932 GC heap after
{Heap after GC invocations=280 (full 9):
 PSYoungGen      total 6656K, used 1664K [0x00000000eab00000, 0x00000000eb400000, 0x0000000100000000)
  eden space 4096K, 0% used [0x00000000eab00000,0x00000000eab00000,0x00000000eaf00000)
  from space 2560K, 65% used [0x00000000eaf00000,0x00000000eb0a0000,0x00000000eb180000)
  to   space 2048K, 0% used [0x00000000eb200000,0x00000000eb200000,0x00000000eb400000)
 ParOldGen       total 288256K, used 286988K [0x00000000c0000000, 0x00000000d1980000, 0x00000000eab00000)
  object space 288256K, 99% used [0x00000000c0000000,0x00000000d1843358,0x00000000d1980000)
 Metaspace       used 82741K, committed 84160K, reserved 1179648K
  class space    used 8680K, committed 9216K, reserved 1048576K
}
Event: 32.932 GC heap before
{Heap before GC invocations=281 (full 10):
 PSYoungGen      total 6656K, used 1664K [0x00000000eab00000, 0x00000000eb400000, 0x0000000100000000)
  eden space 4096K, 0% used [0x00000000eab00000,0x00000000eab00000,0x00000000eaf00000)
  from space 2560K, 65% used [0x00000000eaf00000,0x00000000eb0a0000,0x00000000eb180000)
  to   space 2048K, 0% used [0x00000000eb200000,0x00000000eb200000,0x00000000eb400000)
 ParOldGen       total 288256K, used 286988K [0x00000000c0000000, 0x00000000d1980000, 0x00000000eab00000)
  object space 288256K, 99% used [0x00000000c0000000,0x00000000d1843358,0x00000000d1980000)
 Metaspace       used 82741K, committed 84160K, reserved 1179648K
  class space    used 8680K, committed 9216K, reserved 1048576K
}

Dll operation events (12 events):
Event: 0.010 Loaded shared library c:\Users\joana\.vscode\extensions\redhat.java-1.28.1-win32-x64\jre\17.0.10-win32-x86_64\bin\java.dll
Event: 0.184 Loaded shared library c:\Users\joana\.vscode\extensions\redhat.java-1.28.1-win32-x64\jre\17.0.10-win32-x86_64\bin\zip.dll
Event: 0.189 Loaded shared library C:\Users\joana\.vscode\extensions\redhat.java-1.28.1-win32-x64\jre\17.0.10-win32-x86_64\bin\instrument.dll
Event: 0.201 Loaded shared library C:\Users\joana\.vscode\extensions\redhat.java-1.28.1-win32-x64\jre\17.0.10-win32-x86_64\bin\net.dll
Event: 0.204 Loaded shared library C:\Users\joana\.vscode\extensions\redhat.java-1.28.1-win32-x64\jre\17.0.10-win32-x86_64\bin\nio.dll
Event: 0.209 Loaded shared library C:\Users\joana\.vscode\extensions\redhat.java-1.28.1-win32-x64\jre\17.0.10-win32-x86_64\bin\zip.dll
Event: 0.224 Loaded shared library C:\Users\joana\.vscode\extensions\redhat.java-1.28.1-win32-x64\jre\17.0.10-win32-x86_64\bin\jimage.dll
Event: 0.284 Loaded shared library c:\Users\joana\.vscode\extensions\redhat.java-1.28.1-win32-x64\jre\17.0.10-win32-x86_64\bin\verify.dll
Event: 3.019 Loaded shared library C:\Users\joana\AppData\Roaming\Code\User\globalStorage\redhat.java\1.28.1\config_win\org.eclipse.equinox.launcher\org.eclipse.equinox.launcher.win32.win32.x86_64_1.2.900.v20240129-1338\eclipse_11900.dll
Event: 8.217 Loaded shared library C:\Users\joana\AppData\Local\Temp\jna-101296751\jna12170026027668841073.dll
Event: 8.680 Loaded shared library C:\Users\joana\.vscode\extensions\redhat.java-1.28.1-win32-x64\jre\17.0.10-win32-x86_64\bin\sunmscapi.dll
Event: 8.753 Loaded shared library C:\Users\joana\.vscode\extensions\redhat.java-1.28.1-win32-x64\jre\17.0.10-win32-x86_64\bin\extnet.dll

Deoptimization events (20 events):
Event: 32.674 Thread 0x000002435df380d0 Uncommon trap: trap_request=0xffffff45 fr.pc=0x000002434cbb82c0 relative=0x00000000000000a0
Event: 32.674 Thread 0x000002435df380d0 Uncommon trap: reason=unstable_if action=reinterpret pc=0x000002434cbb82c0 method=java.time.LocalDate.compareTo0(Ljava/time/LocalDate;)I @ 11 c2
Event: 32.674 Thread 0x000002435df380d0 DEOPT PACKING pc=0x000002434cbb82c0 sp=0x00000081d1dfc230
Event: 32.674 Thread 0x000002435df380d0 DEOPT UNPACKING pc=0x000002434ba166a3 sp=0x00000081d1dfc098 mode 2
Event: 32.736 Thread 0x000002435df380d0 Uncommon trap: trap_request=0xffffffde fr.pc=0x000002434cc6caf8 relative=0x00000000000057f8
Event: 32.736 Thread 0x000002435df380d0 Uncommon trap: reason=class_check action=maybe_recompile pc=0x000002434cc6caf8 method=org.eclipse.aether.internal.impl.collect.df.DfDependencyCollector.processDependency(Lorg/eclipse/aether/internal/impl/collect/df/DfDependencyCollector$Args;Lorg/eclipse/
Event: 32.736 Thread 0x000002435df380d0 DEOPT PACKING pc=0x000002434cc6caf8 sp=0x00000081d1dfcde0
Event: 32.736 Thread 0x000002435df380d0 DEOPT UNPACKING pc=0x000002434ba166a3 sp=0x00000081d1dfcda0 mode 2
Event: 32.736 Thread 0x000002435df380d0 Uncommon trap: trap_request=0xffffffde fr.pc=0x000002434cc6caf8 relative=0x00000000000057f8
Event: 32.736 Thread 0x000002435df380d0 Uncommon trap: reason=class_check action=maybe_recompile pc=0x000002434cc6caf8 method=org.eclipse.aether.internal.impl.collect.df.DfDependencyCollector.processDependency(Lorg/eclipse/aether/internal/impl/collect/df/DfDependencyCollector$Args;Lorg/eclipse/
Event: 32.736 Thread 0x000002435df380d0 DEOPT PACKING pc=0x000002434cc6caf8 sp=0x00000081d1dfc9a0
Event: 32.736 Thread 0x000002435df380d0 DEOPT UNPACKING pc=0x000002434ba166a3 sp=0x00000081d1dfc960 mode 2
Event: 32.736 Thread 0x000002435df380d0 Uncommon trap: trap_request=0xffffffde fr.pc=0x000002434cc6caf8 relative=0x00000000000057f8
Event: 32.736 Thread 0x000002435df380d0 Uncommon trap: reason=class_check action=maybe_recompile pc=0x000002434cc6caf8 method=org.eclipse.aether.internal.impl.collect.df.DfDependencyCollector.processDependency(Lorg/eclipse/aether/internal/impl/collect/df/DfDependencyCollector$Args;Lorg/eclipse/
Event: 32.736 Thread 0x000002435df380d0 DEOPT PACKING pc=0x000002434cc6caf8 sp=0x00000081d1dfc560
Event: 32.736 Thread 0x000002435df380d0 DEOPT UNPACKING pc=0x000002434ba166a3 sp=0x00000081d1dfc520 mode 2
Event: 32.736 Thread 0x000002435df380d0 Uncommon trap: trap_request=0xffffffde fr.pc=0x000002434cc6caf8 relative=0x00000000000057f8
Event: 32.736 Thread 0x000002435df380d0 Uncommon trap: reason=class_check action=maybe_recompile pc=0x000002434cc6caf8 method=org.eclipse.aether.internal.impl.collect.df.DfDependencyCollector.processDependency(Lorg/eclipse/aether/internal/impl/collect/df/DfDependencyCollector$Args;Lorg/eclipse/
Event: 32.736 Thread 0x000002435df380d0 DEOPT PACKING pc=0x000002434cc6caf8 sp=0x00000081d1dfc120
Event: 32.736 Thread 0x000002435df380d0 DEOPT UNPACKING pc=0x000002434ba166a3 sp=0x00000081d1dfc0e0 mode 2

Classes unloaded (18 events):
Event: 8.102 Thread 0x000002434198e890 Unloading class 0x0000000100252400 'java/lang/invoke/LambdaForm$MH+0x0000000100252400'
Event: 8.102 Thread 0x000002434198e890 Unloading class 0x0000000100252000 'java/lang/invoke/LambdaForm$MH+0x0000000100252000'
Event: 8.102 Thread 0x000002434198e890 Unloading class 0x0000000100251c00 'java/lang/invoke/LambdaForm$MH+0x0000000100251c00'
Event: 8.102 Thread 0x000002434198e890 Unloading class 0x0000000100251800 'java/lang/invoke/LambdaForm$MH+0x0000000100251800'
Event: 8.102 Thread 0x000002434198e890 Unloading class 0x0000000100251400 'java/lang/invoke/LambdaForm$BMH+0x0000000100251400'
Event: 8.102 Thread 0x000002434198e890 Unloading class 0x0000000100251000 'java/lang/invoke/LambdaForm$DMH+0x0000000100251000'
Event: 8.102 Thread 0x000002434198e890 Unloading class 0x000000010024c400 'java/lang/invoke/LambdaForm$DMH+0x000000010024c400'
Event: 12.707 Thread 0x000002434198e890 Unloading class 0x00000001006d2c00 'java/lang/invoke/LambdaForm$MH+0x00000001006d2c00'
Event: 12.707 Thread 0x000002434198e890 Unloading class 0x00000001006d2800 'java/lang/invoke/LambdaForm$MH+0x00000001006d2800'
Event: 12.707 Thread 0x000002434198e890 Unloading class 0x00000001006d2400 'java/lang/invoke/LambdaForm$MH+0x00000001006d2400'
Event: 12.707 Thread 0x000002434198e890 Unloading class 0x00000001006d2000 'java/lang/invoke/LambdaForm$MH+0x00000001006d2000'
Event: 12.707 Thread 0x000002434198e890 Unloading class 0x00000001006d1400 'java/lang/invoke/LambdaForm$DMH+0x00000001006d1400'
Event: 12.708 Thread 0x000002434198e890 Unloading class 0x00000001006d0c00 'java/lang/invoke/LambdaForm$DMH+0x00000001006d0c00'
Event: 12.708 Thread 0x000002434198e890 Unloading class 0x00000001006d1800 'java/lang/invoke/LambdaForm$DMH+0x00000001006d1800'
Event: 12.708 Thread 0x000002434198e890 Unloading class 0x00000001006d1000 'java/lang/invoke/LambdaForm$DMH+0x00000001006d1000'
Event: 23.494 Thread 0x000002434198e890 Unloading class 0x0000000100828000 'java/lang/invoke/LambdaForm$DMH+0x0000000100828000'
Event: 23.494 Thread 0x000002434198e890 Unloading class 0x0000000100808400 'java/lang/invoke/LambdaForm$DMH+0x0000000100808400'
Event: 25.988 Thread 0x000002434198e890 Unloading class 0x0000000100858000 'io/quarkus/panache/common/runtime/PanacheAnnotationProcessor'

Classes redefined (0 events):
No events

Internal exceptions (20 events):
Event: 24.861 Thread 0x000002435df39a20 Implicit null exception at 0x000002434c8a6a40 to 0x000002434c8a73c8
Event: 24.862 Thread 0x000002435df39a20 Implicit null exception at 0x000002434c3a1106 to 0x000002434c3a1848
Event: 24.907 Thread 0x000002435df39a20 Implicit null exception at 0x000002434c84cea0 to 0x000002434c84d000
Event: 24.912 Thread 0x000002435df39a20 Exception <a 'sun/nio/fs/WindowsException'{0x00000000eacb6958}> (0x00000000eacb6958) 
thrown [s\src\hotspot\share\prims\jni.cpp, line 516]
Event: 24.914 Thread 0x000002435df39a20 Exception <a 'sun/nio/fs/WindowsException'{0x00000000eacd03e0}> (0x00000000eacd03e0) 
thrown [s\src\hotspot\share\prims\jni.cpp, line 516]
Event: 24.920 Thread 0x000002435df39a20 Exception <a 'sun/nio/fs/WindowsException'{0x00000000ead1a708}> (0x00000000ead1a708) 
thrown [s\src\hotspot\share\prims\jni.cpp, line 516]
Event: 24.944 Thread 0x000002435df39a20 Exception <a 'sun/nio/fs/WindowsException'{0x00000000ead25ca8}> (0x00000000ead25ca8) 
thrown [s\src\hotspot\share\prims\jni.cpp, line 516]
Event: 24.983 Thread 0x000002435df39a20 Exception <a 'java/lang/NoSuchMethodError'{0x00000000eab34a00}: 'java.lang.Object java.lang.invoke.DirectMethodHandle$Holder.newInvokeSpecial(java.lang.Object, java.lang.Object, int, java.lang.Object, java.lang.Object)'> (0x00000000eab34a00) 
thrown [s\src\hotspot\share\interpreter\linkResolver.cpp, line 759]
Event: 24.984 Thread 0x000002435df39a20 Exception <a 'java/lang/NoSuchMethodError'{0x00000000eab389c8}: 'java.lang.Object java.lang.invoke.Invokers$Holder.linkToTargetMethod(java.lang.Object, int, java.lang.Object, java.lang.Object, java.lang.Object)'> (0x00000000eab389c8) 
thrown [s\src\hotspot\share\interpreter\linkResolver.cpp, line 759]
Event: 25.272 Thread 0x000002435df39a20 Exception <a 'sun/nio/fs/WindowsException'{0x00000000eb11ab50}> (0x00000000eb11ab50) 
thrown [s\src\hotspot\share\prims\jni.cpp, line 516]
Event: 25.285 Thread 0x000002435df39a20 Exception <a 'sun/nio/fs/WindowsException'{0x00000000eab01580}> (0x00000000eab01580) 
thrown [s\src\hotspot\share\prims\jni.cpp, line 516]
Event: 25.292 Thread 0x000002435df39a20 Exception <a 'sun/nio/fs/WindowsException'{0x00000000eab02dd8}> (0x00000000eab02dd8) 
thrown [s\src\hotspot\share\prims\jni.cpp, line 516]
Event: 30.916 Thread 0x000002435df380d0 Exception <a 'sun/nio/fs/WindowsException'{0x00000000eabc7f00}> (0x00000000eabc7f00) 
thrown [s\src\hotspot\share\prims\jni.cpp, line 516]
Event: 30.916 Thread 0x000002435df380d0 Exception <a 'sun/nio/fs/WindowsException'{0x00000000eabc8098}> (0x00000000eabc8098) 
thrown [s\src\hotspot\share\prims\jni.cpp, line 516]
Event: 30.917 Thread 0x000002435df380d0 Exception <a 'java/lang/NoSuchMethodError'{0x00000000eabd78c0}: 'int java.lang.invoke.DirectMethodHandle$Holder.invokeStaticInit(java.lang.Object, java.lang.Object, java.lang.Object, int)'> (0x00000000eabd78c0) 
thrown [s\src\hotspot\share\interpreter\linkResolver.cpp, line 759]
Event: 31.072 Thread 0x000002435df380d0 Exception <a 'sun/nio/fs/WindowsException'{0x00000000eaf17690}> (0x00000000eaf17690) 
thrown [s\src\hotspot\share\prims\jni.cpp, line 516]
Event: 31.072 Thread 0x000002435df380d0 Exception <a 'sun/nio/fs/WindowsException'{0x00000000eaf17a68}> (0x00000000eaf17a68) 
thrown [s\src\hotspot\share\prims\jni.cpp, line 516]
Event: 31.072 Thread 0x000002435df380d0 Exception <a 'sun/nio/fs/WindowsException'{0x00000000eaf18fe0}> (0x00000000eaf18fe0) 
thrown [s\src\hotspot\share\prims\jni.cpp, line 516]
Event: 31.072 Thread 0x000002435df380d0 Exception <a 'sun/nio/fs/WindowsException'{0x00000000eaf192a0}> (0x00000000eaf192a0) 
thrown [s\src\hotspot\share\prims\jni.cpp, line 516]
Event: 31.072 Thread 0x000002435df380d0 Exception <a 'sun/nio/fs/WindowsException'{0x00000000eaf1a0d0}> (0x00000000eaf1a0d0) 
thrown [s\src\hotspot\share\prims\jni.cpp, line 516]

VM Operations (20 events):
Event: 32.829 Executing VM operation: ParallelGCFailedAllocation done
Event: 32.835 Executing VM operation: ParallelGCFailedAllocation
Event: 32.836 Executing VM operation: ParallelGCFailedAllocation done
Event: 32.844 Executing VM operation: ParallelGCFailedAllocation
Event: 32.845 Executing VM operation: ParallelGCFailedAllocation done
Event: 32.856 Executing VM operation: ParallelGCFailedAllocation
Event: 32.857 Executing VM operation: ParallelGCFailedAllocation done
Event: 32.866 Executing VM operation: ParallelGCFailedAllocation
Event: 32.866 Executing VM operation: ParallelGCFailedAllocation done
Event: 32.872 Executing VM operation: ParallelGCFailedAllocation
Event: 32.873 Executing VM operation: ParallelGCFailedAllocation done
Event: 32.881 Executing VM operation: ParallelGCFailedAllocation
Event: 32.882 Executing VM operation: ParallelGCFailedAllocation done
Event: 32.888 Executing VM operation: ParallelGCFailedAllocation
Event: 32.889 Executing VM operation: ParallelGCFailedAllocation done
Event: 32.914 Executing VM operation: ParallelGCFailedAllocation
Event: 32.916 Executing VM operation: ParallelGCFailedAllocation done
Event: 32.923 Executing VM operation: ParallelGCFailedAllocation
Event: 32.925 Executing VM operation: ParallelGCFailedAllocation done
Event: 32.931 Executing VM operation: ParallelGCFailedAllocation

Events (20 events):
Event: 31.059 Thread 0x000002435a8965e0 flushing nmethod 0x0000024345f4d490
Event: 31.059 Thread 0x000002435a8965e0 flushing nmethod 0x0000024345f50710
Event: 31.059 Thread 0x000002435a8965e0 flushing nmethod 0x0000024345f55c90
Event: 31.059 Thread 0x000002435a8965e0 flushing nmethod 0x0000024345f66210
Event: 31.059 Thread 0x000002435a8965e0 flushing nmethod 0x0000024345f68490
Event: 31.938 Thread 0x0000024361ed9b60 Thread exited: 0x0000024361ed9b60
Event: 31.939 Thread 0x0000024361ed9610 Thread exited: 0x0000024361ed9610
Event: 31.965 loading class java/util/Collections$UnmodifiableList$1
Event: 31.965 loading class java/util/Collections$UnmodifiableList$1 done
Event: 32.470 loading class jdk/internal/misc/ScopedMemoryAccess$Scope$Handle
Event: 32.470 loading class jdk/internal/misc/ScopedMemoryAccess$Scope$Handle done
Event: 32.576 Thread 0x0000024361ed60f0 Thread exited: 0x0000024361ed60f0
Event: 32.704 Thread 0x0000024361ed70e0 Thread exited: 0x0000024361ed70e0
Event: 32.735 Thread 0x0000024361ed5650 Thread exited: 0x0000024361ed5650
Event: 32.735 Thread 0x0000024361edab50 Thread exited: 0x0000024361edab50
Event: 32.735 Thread 0x0000024361ed80d0 Thread exited: 0x0000024361ed80d0
Event: 32.900 Thread 0x0000024361ed9b60 Thread added: 0x0000024361ed9b60
Event: 32.900 Thread 0x0000024361ed80d0 Thread added: 0x0000024361ed80d0
Event: 32.900 Thread 0x0000024361ed5650 Thread added: 0x0000024361ed5650
Event: 32.900 Thread 0x0000024361ed9610 Thread added: 0x0000024361ed9610


Dynamic libraries:
0x00007ff75feb0000 - 0x00007ff75febe000 	c:\Users\joana\.vscode\extensions\redhat.java-1.28.1-win32-x64\jre\17.0.10-win32-x86_64\bin\java.exe
0x00007fffcbd50000 - 0x00007fffcbf67000 	C:\WINDOWS\SYSTEM32\ntdll.dll
0x00007fffca900000 - 0x00007fffca9c4000 	C:\WINDOWS\System32\KERNEL32.DLL
0x00007fffc9390000 - 0x00007fffc9736000 	C:\WINDOWS\System32\KERNELBASE.dll
0x00007fffc54b0000 - 0x00007fffc5547000 	C:\WINDOWS\SYSTEM32\apphelp.dll
0x00007fffc9900000 - 0x00007fffc9a11000 	C:\WINDOWS\System32\ucrtbase.dll
0x00007fffb5d50000 - 0x00007fffb5d67000 	c:\Users\joana\.vscode\extensions\redhat.java-1.28.1-win32-x64\jre\17.0.10-win32-x86_64\bin\jli.dll
0x00007fffb7870000 - 0x00007fffb788b000 	c:\Users\joana\.vscode\extensions\redhat.java-1.28.1-win32-x64\jre\17.0.10-win32-x86_64\bin\VCRUNTIME140.dll
0x00007fffcac10000 - 0x00007fffcadbe000 	C:\WINDOWS\System32\USER32.dll
0x00007fffc98d0000 - 0x00007fffc98f6000 	C:\WINDOWS\System32\win32u.dll
0x00007fffc83e0000 - 0x00007fffc8673000 	C:\WINDOWS\WinSxS\amd64_microsoft.windows.common-controls_6595b64144ccf1df_6.0.22621.2506_none_270c5ae97388e100\COMCTL32.dll
0x00007fffcb290000 - 0x00007fffcb2b9000 	C:\WINDOWS\System32\GDI32.dll
0x00007fffca7e0000 - 0x00007fffca887000 	C:\WINDOWS\System32\msvcrt.dll
0x00007fffc97b0000 - 0x00007fffc98c8000 	C:\WINDOWS\System32\gdi32full.dll
0x00007fffc92f0000 - 0x00007fffc938a000 	C:\WINDOWS\System32\msvcp_win.dll
0x00007fffca890000 - 0x00007fffca8c1000 	C:\WINDOWS\System32\IMM32.DLL
0x00007fffc3580000 - 0x00007fffc358c000 	c:\Users\joana\.vscode\extensions\redhat.java-1.28.1-win32-x64\jre\17.0.10-win32-x86_64\bin\vcruntime140_1.dll
0x00007fff97350000 - 0x00007fff973dd000 	c:\Users\joana\.vscode\extensions\redhat.java-1.28.1-win32-x64\jre\17.0.10-win32-x86_64\bin\msvcp140.dll
0x00007fff36410000 - 0x00007fff37072000 	c:\Users\joana\.vscode\extensions\redhat.java-1.28.1-win32-x64\jre\17.0.10-win32-x86_64\bin\server\jvm.dll
0x00007fffca390000 - 0x00007fffca443000 	C:\WINDOWS\System32\ADVAPI32.dll
0x00007fffcadc0000 - 0x00007fffcae68000 	C:\WINDOWS\System32\sechost.dll
0x00007fffc92c0000 - 0x00007fffc92e8000 	C:\WINDOWS\System32\bcrypt.dll
0x00007fffcbbf0000 - 0x00007fffcbd07000 	C:\WINDOWS\System32\RPCRT4.dll
0x00007fffc89b0000 - 0x00007fffc89fd000 	C:\WINDOWS\SYSTEM32\POWRPROF.dll
0x00007fffad3c0000 - 0x00007fffad3c9000 	C:\WINDOWS\SYSTEM32\WSOCK32.dll
0x00007fffb9140000 - 0x00007fffb9174000 	C:\WINDOWS\SYSTEM32\WINMM.dll
0x00007fffc09a0000 - 0x00007fffc09aa000 	C:\WINDOWS\SYSTEM32\VERSION.dll
0x00007fffca9d0000 - 0x00007fffcaa41000 	C:\WINDOWS\System32\WS2_32.dll
0x00007fffc8860000 - 0x00007fffc8873000 	C:\WINDOWS\SYSTEM32\UMPDC.dll
0x00007fffc77d0000 - 0x00007fffc77e8000 	C:\WINDOWS\SYSTEM32\kernel.appcore.dll
0x00007fffc3100000 - 0x00007fffc310a000 	c:\Users\joana\.vscode\extensions\redhat.java-1.28.1-win32-x64\jre\17.0.10-win32-x86_64\bin\jimage.dll
0x00007fffc8a00000 - 0x00007fffc8c33000 	C:\WINDOWS\SYSTEM32\DBGHELP.DLL
0x00007fffcb370000 - 0x00007fffcb6f9000 	C:\WINDOWS\System32\combase.dll
0x00007fffca450000 - 0x00007fffca527000 	C:\WINDOWS\System32\OLEAUT32.dll
0x00007fffc88a0000 - 0x00007fffc88d2000 	C:\WINDOWS\SYSTEM32\dbgcore.DLL
0x00007fffc9a20000 - 0x00007fffc9a9a000 	C:\WINDOWS\System32\bcryptPrimitives.dll
0x00007fffc1120000 - 0x00007fffc112e000 	c:\Users\joana\.vscode\extensions\redhat.java-1.28.1-win32-x64\jre\17.0.10-win32-x86_64\bin\instrument.dll
0x00007fffafed0000 - 0x00007fffafef5000 	c:\Users\joana\.vscode\extensions\redhat.java-1.28.1-win32-x64\jre\17.0.10-win32-x86_64\bin\java.dll
0x00007fffb5420000 - 0x00007fffb5438000 	c:\Users\joana\.vscode\extensions\redhat.java-1.28.1-win32-x64\jre\17.0.10-win32-x86_64\bin\zip.dll
0x00007fffc9b30000 - 0x00007fffca38b000 	C:\WINDOWS\System32\SHELL32.dll
0x00007fffc6570000 - 0x00007fffc6e66000 	C:\WINDOWS\SYSTEM32\windows.storage.dll
0x00007fffc6430000 - 0x00007fffc656e000 	C:\WINDOWS\SYSTEM32\wintypes.dll
0x00007fffca6e0000 - 0x00007fffca7d3000 	C:\WINDOWS\System32\SHCORE.dll
0x00007fffcb040000 - 0x00007fffcb09e000 	C:\WINDOWS\System32\shlwapi.dll
0x00007fffc8fc0000 - 0x00007fffc8fe6000 	C:\WINDOWS\SYSTEM32\profapi.dll
0x00007fffab8a0000 - 0x00007fffab8b9000 	C:\Users\joana\.vscode\extensions\redhat.java-1.28.1-win32-x64\jre\17.0.10-win32-x86_64\bin\net.dll
0x00007fffc2800000 - 0x00007fffc2937000 	C:\WINDOWS\SYSTEM32\WINHTTP.dll
0x00007fffc7c00000 - 0x00007fffc7c69000 	C:\WINDOWS\system32\mswsock.dll
0x00007fffb42a0000 - 0x00007fffb42b6000 	C:\Users\joana\.vscode\extensions\redhat.java-1.28.1-win32-x64\jre\17.0.10-win32-x86_64\bin\nio.dll
0x00007fffb90f0000 - 0x00007fffb9100000 	c:\Users\joana\.vscode\extensions\redhat.java-1.28.1-win32-x64\jre\17.0.10-win32-x86_64\bin\verify.dll
0x00007fffa0130000 - 0x00007fffa016e000 	C:\Users\joana\AppData\Roaming\Code\User\globalStorage\redhat.java\1.28.1\config_win\org.eclipse.equinox.launcher\org.eclipse.equinox.launcher.win32.win32.x86_64_1.2.900.v20240129-1338\eclipse_11900.dll
0x00007fffca540000 - 0x00007fffca6e0000 	C:\WINDOWS\System32\ole32.dll
0x00007fffc8d30000 - 0x00007fffc8d4b000 	C:\WINDOWS\SYSTEM32\CRYPTSP.dll
0x00007fffc7f50000 - 0x00007fffc7f85000 	C:\WINDOWS\system32\rsaenh.dll
0x00007fffc7c70000 - 0x00007fffc7c9c000 	C:\WINDOWS\SYSTEM32\USERENV.dll
0x00007fffc7f30000 - 0x00007fffc7f3c000 	C:\WINDOWS\SYSTEM32\CRYPTBASE.dll
0x00007fffc7280000 - 0x00007fffc72ad000 	C:\WINDOWS\SYSTEM32\IPHLPAPI.DLL
0x00007fffcaf30000 - 0x00007fffcaf39000 	C:\WINDOWS\System32\NSI.dll
0x00007fffc2600000 - 0x00007fffc2619000 	C:\WINDOWS\SYSTEM32\dhcpcsvc6.DLL
0x00007fffc25e0000 - 0x00007fffc25ff000 	C:\WINDOWS\SYSTEM32\dhcpcsvc.DLL
0x00007fffc72f0000 - 0x00007fffc73e9000 	C:\WINDOWS\SYSTEM32\DNSAPI.dll
0x00007fff90750000 - 0x00007fff90795000 	C:\Users\joana\AppData\Local\Temp\jna-101296751\jna12170026027668841073.dll
0x00007fffcb120000 - 0x00007fffcb128000 	C:\WINDOWS\System32\PSAPI.DLL
0x00007fffb9080000 - 0x00007fffb908e000 	C:\Users\joana\.vscode\extensions\redhat.java-1.28.1-win32-x64\jre\17.0.10-win32-x86_64\bin\sunmscapi.dll
0x00007fffc9150000 - 0x00007fffc92b6000 	C:\WINDOWS\System32\CRYPT32.dll
0x00007fffc82c0000 - 0x00007fffc82ee000 	C:\WINDOWS\SYSTEM32\ncrypt.dll
0x00007fffc81d0000 - 0x00007fffc8207000 	C:\WINDOWS\SYSTEM32\NTASN1.dll
0x00007fffaebc0000 - 0x00007fffaebca000 	C:\Windows\System32\rasadhlp.dll
0x00007fffc1b80000 - 0x00007fffc1c03000 	C:\WINDOWS\System32\fwpuclnt.dll
0x00007fffb7840000 - 0x00007fffb7849000 	C:\Users\joana\.vscode\extensions\redhat.java-1.28.1-win32-x64\jre\17.0.10-win32-x86_64\bin\extnet.dll
0x00007fffc8970000 - 0x00007fffc89a4000 	C:\WINDOWS\SYSTEM32\ntmarta.dll
0x00007fffaa1e0000 - 0x00007fffaa1f7000 	C:\WINDOWS\system32\napinsp.dll
0x00007fffa94c0000 - 0x00007fffa94db000 	C:\WINDOWS\system32\pnrpnsp.dll
0x00007fffa50a0000 - 0x00007fffa50b1000 	C:\WINDOWS\System32\winrnr.dll
0x00007fffa0090000 - 0x00007fffa00a5000 	C:\WINDOWS\system32\wshbth.dll
0x00007fff9fe00000 - 0x00007fff9fe21000 	C:\WINDOWS\system32\nlansp_c.dll

dbghelp: loaded successfully - version: 4.0.5 - missing functions: none
symbol engine: initialized successfully - sym options: 0x614 - pdb path: .;c:\Users\joana\.vscode\extensions\redhat.java-1.28.1-win32-x64\jre\17.0.10-win32-x86_64\bin;C:\WINDOWS\SYSTEM32;C:\WINDOWS\WinSxS\amd64_microsoft.windows.common-controls_6595b64144ccf1df_6.0.22621.2506_none_270c5ae97388e100;c:\Users\joana\.vscode\extensions\redhat.java-1.28.1-win32-x64\jre\17.0.10-win32-x86_64\bin\server;C:\Users\joana\AppData\Roaming\Code\User\globalStorage\redhat.java\1.28.1\config_win\org.eclipse.equinox.launcher\org.eclipse.equinox.launcher.win32.win32.x86_64_1.2.900.v20240129-1338;C:\Users\joana\AppData\Local\Temp\jna-101296751

VM Arguments:
jvm_args: --add-modules=ALL-SYSTEM --add-opens=java.base/java.util=ALL-UNNAMED --add-opens=java.base/java.lang=ALL-UNNAMED --add-opens=java.base/sun.nio.fs=ALL-UNNAMED -Declipse.application=org.eclipse.jdt.ls.core.id1 -Dosgi.bundles.defaultStartLevel=4 -Declipse.product=org.eclipse.jdt.ls.core.product -Djava.import.generatesMetadataFilesAtProjectRoot=false -DDetectVMInstallationsJob.disabled=true -Dfile.encoding=utf8 -XX:+UseParallelGC -XX:GCTimeRatio=4 -XX:AdaptiveSizePolicyWeight=90 -Dsun.zip.disableMemoryMapping=true -Xmx1G -Xms100m -Xlog:disable -javaagent:c:\Users\joana\.vscode\extensions\redhat.java-1.28.1-win32-x64\lombok\lombok-1.18.31.jar -XX:+HeapDumpOnOutOfMemoryError -XX:HeapDumpPath=c:\Users\joana\AppData\Roaming\Code\User\workspaceStorage\54b682015e6d69741c4d362a7f14c221\redhat.java -Daether.dependencyCollector.impl=bf 
java_command: c:\Users\joana\.vscode\extensions\redhat.java-1.28.1-win32-x64\server\plugins\org.eclipse.equinox.launcher_1.6.700.v20231214-2017.jar -configuration c:\Users\joana\AppData\Roaming\Code\User\globalStorage\redhat.java\1.28.1\config_win -data c:\Users\joana\AppData\Roaming\Code\User\workspaceStorage\54b682015e6d69741c4d362a7f14c221\redhat.java\jdt_ws --stdio
java_class_path (initial): c:\Users\joana\.vscode\extensions\redhat.java-1.28.1-win32-x64\server\plugins\org.eclipse.equinox.launcher_1.6.700.v20231214-2017.jar
Launcher Type: SUN_STANDARD

[Global flags]
    uintx AdaptiveSizePolicyWeight                 = 90                                        {product} {command line}
     intx CICompilerCount                          = 12                                        {product} {ergonomic}
    uintx GCTimeRatio                              = 4                                         {product} {command line}
     bool HeapDumpOnOutOfMemoryError               = true                                   {manageable} {command line}
    ccstr HeapDumpPath                             = c:\Users\joana\AppData\Roaming\Code\User\workspaceStorage\54b682015e6d69741c4d362a7f14c221\redhat.java         {manageable} {command line}
   size_t InitialHeapSize                          = 104857600                                 {product} {command line}
   size_t MaxHeapSize                              = 1073741824                                {product} {command line}
   size_t MaxNewSize                               = 357564416                                 {product} {ergonomic}
   size_t MinHeapDeltaBytes                        = 524288                                    {product} {ergonomic}
   size_t MinHeapSize                              = 104857600                                 {product} {command line}
   size_t NewSize                                  = 34603008                                  {product} {ergonomic}
    uintx NonNMethodCodeHeapSize                   = 7602480                                {pd product} {ergonomic}
    uintx NonProfiledCodeHeapSize                  = 122027880                              {pd product} {ergonomic}
   size_t OldSize                                  = 70254592                                  {product} {ergonomic}
    uintx ProfiledCodeHeapSize                     = 122027880                              {pd product} {ergonomic}
    uintx ReservedCodeCacheSize                    = 251658240                              {pd product} {ergonomic}
     bool SegmentedCodeCache                       = true                                      {product} {ergonomic}
   size_t SoftMaxHeapSize                          = 1073741824                             {manageable} {ergonomic}
     bool UseCompressedClassPointers               = true                           {product lp64_product} {ergonomic}
     bool UseCompressedOops                        = true                           {product lp64_product} {ergonomic}
     bool UseLargePagesIndividualAllocation        = false                                  {pd product} {ergonomic}
     bool UseParallelGC                            = true                                      {product} {command line}

Logging:
Log output configuration:
 #0: stdout all=off uptime,level,tags
 #1: stderr all=off uptime,level,tags

Environment Variables:
JAVA_HOME=C:\Program Files\Java\jdk-20
PATH=C:\Program Files (x86)\Common Files\Intel\Shared Libraries\redist\intel64\compiler;C:\Program Files\Common Files\Oracle\Java\javapath;C:\WINDOWS\system32;C:\WINDOWS;C:\WINDOWS\System32\Wbem;C:\WINDOWS\System32\WindowsPowerShell\v1.0\;C:\WINDOWS\System32\OpenSSH\;C:\Program Files\NVIDIA Corporation\NVIDIA NvDLISR;C:\Program Files\Java\jdk-20;C:\Program Files\Java\jdk-20\bin;C:\Program Files\Maven\apache-maven-3.9.4\bin;C:\Program Files\nodejs\;C:\Program Files\Git\cmd;C:\Program Files\Common Files\Autodesk Shared\;C:\Program Files\Microsoft SQL Server\120\Tools\Binn\;C:\Users\joana\AppData\Local\Programs\Python\Python311\Scripts;C:\Users\joana\AppData\Local\Programs\Python\Python311;C:\Program Files (x86)\NVIDIA Corporation\PhysX\Common;C:\Program Files\Docker\Docker\resources\bin;C:\Program Files\PostgreSQL\16\bin;C:\Program Files\dotnet\;C:\Users\joana\AppData\Local\Microsoft\WindowsApps;C:\Users\joana\AppData\Local\Programs\Microsoft VS Code\bin;C:\Program Files\Java\jdk-20;C:\Program Files\Java\jdk-20\bin;C:\Users\joana\AppData\Roaming\npm
USERNAME=joana
OS=Windows_NT
PROCESSOR_IDENTIFIER=Intel64 Family 6 Model 165 Stepping 5, GenuineIntel
TMP=C:\Users\joana\AppData\Local\Temp
TEMP=C:\Users\joana\AppData\Local\Temp



Periodic native trim disabled


---------------  S Y S T E M  ---------------

OS:
 Windows 11 , 64 bit Build 22621 (10.0.22621.3085)
OS uptime: 1 days 4:01 hours
Hyper-V role detected

CPU: total 16 (initial active 16) (8 cores per cpu, 2 threads per core) family 6 model 165 stepping 5 microcode 0xe0, cx8, cmov, fxsr, ht, mmx, 3dnowpref, sse, sse2, sse3, ssse3, sse4.1, sse4.2, popcnt, lzcnt, tsc, tscinvbit, avx, avx2, aes, erms, clmul, bmi1, bmi2, adx, fma, vzeroupper, clflush, clflushopt, hv
Processor Information for all 16 processors :
  Max Mhz: 2906, Current Mhz: 2906, Mhz Limit: 2906

Memory: 4k page, system-wide physical 32696M (19617M free)
TotalPageFile size 34744M (AvailPageFile size 17593M)
current process WorkingSet (physical memory assigned to process): 616M, peak: 616M
current process commit charge ("private bytes"): 660M, peak: 675M

vm_info: OpenJDK 64-Bit Server VM (17.0.10+7) for windows-amd64 JRE (17.0.10+7), built on Jan 16 2024 23:25:11 by "admin" with MS VC++ 16.10 / 16.11 (VS2019)

END.
